<?xml version="1.0" encoding="UTF-8"?>
<testsuite name="cn.s_c.data.user.UserDataServiceImplTest" tests="3" skipped="0" failures="0" errors="0" timestamp="2018-03-26T13:10:09" hostname="surevilMacBook.local" time="0.045">
  <properties/>
  <testcase name="bindWechatIdAndNumber" classname="cn.s_c.data.user.UserDataServiceImplTest" time="0.016"/>
  <testcase name="isNumberExisted" classname="cn.s_c.data.user.UserDataServiceImplTest" time="0.01"/>
  <testcase name="getUserStateByWechat" classname="cn.s_c.data.user.UserDataServiceImplTest" time="0.019"/>
  <system-out><![CDATA[2018-03-26 21:10:09.555  INFO 7761 --- [    Test worker] .b.t.c.SpringBootTestContextBootstrapper : Neither @ContextConfiguration nor @ContextHierarchy found for test class [cn.s_c.data.user.UserDataServiceImplTest], using SpringBootContextLoader
2018-03-26 21:10:09.556  INFO 7761 --- [    Test worker] o.s.t.c.support.AbstractContextLoader    : Could not detect default resource locations for test class [cn.s_c.data.user.UserDataServiceImplTest]: no resource found for suffixes {-context.xml, Context.groovy}.
2018-03-26 21:10:09.557  INFO 7761 --- [    Test worker] t.c.s.AnnotationConfigContextLoaderUtils : Could not detect default configuration classes for test class [cn.s_c.data.user.UserDataServiceImplTest]: UserDataServiceImplTest does not declare any static, non-private, non-final, nested classes annotated with @Configuration.
2018-03-26 21:10:09.571  INFO 7761 --- [    Test worker] .b.t.c.SpringBootTestContextBootstrapper : Found @SpringBootConfiguration cn.s_c.MainApplication for test class cn.s_c.data.user.UserDataServiceImplTest
2018-03-26 21:10:09.574  INFO 7761 --- [    Test worker] .b.t.c.SpringBootTestContextBootstrapper : Loaded default TestExecutionListener class names from location [META-INF/spring.factories]: [org.springframework.boot.test.autoconfigure.restdocs.RestDocsTestExecutionListener, org.springframework.boot.test.autoconfigure.web.client.MockRestServiceServerResetTestExecutionListener, org.springframework.boot.test.autoconfigure.web.servlet.MockMvcPrintOnlyOnFailureTestExecutionListener, org.springframework.boot.test.autoconfigure.web.servlet.WebDriverTestExecutionListener, org.springframework.boot.test.mock.mockito.MockitoTestExecutionListener, org.springframework.boot.test.mock.mockito.ResetMocksTestExecutionListener, org.springframework.test.context.web.ServletTestExecutionListener, org.springframework.test.context.support.DirtiesContextBeforeModesTestExecutionListener, org.springframework.test.context.support.DependencyInjectionTestExecutionListener, org.springframework.test.context.support.DirtiesContextTestExecutionListener, org.springframework.test.context.transaction.TransactionalTestExecutionListener, org.springframework.test.context.jdbc.SqlScriptsTestExecutionListener]
2018-03-26 21:10:09.581  INFO 7761 --- [    Test worker] .b.t.c.SpringBootTestContextBootstrapper : Using TestExecutionListeners: [org.springframework.test.context.web.ServletTestExecutionListener@15989f9a, org.springframework.test.context.support.DirtiesContextBeforeModesTestExecutionListener@588ccead, org.springframework.boot.test.autoconfigure.SpringBootDependencyInjectionTestExecutionListener@edc792d, org.springframework.test.context.support.DirtiesContextTestExecutionListener@6d40918d, org.springframework.test.context.transaction.TransactionalTestExecutionListener@3cf5b7f0, org.springframework.test.context.jdbc.SqlScriptsTestExecutionListener@2b2ff65, org.springframework.boot.test.autoconfigure.restdocs.RestDocsTestExecutionListener@6fcafb0f, org.springframework.boot.test.autoconfigure.web.client.MockRestServiceServerResetTestExecutionListener@66fc382, org.springframework.boot.test.autoconfigure.web.servlet.MockMvcPrintOnlyOnFailureTestExecutionListener@1734be88, org.springframework.boot.test.autoconfigure.web.servlet.WebDriverTestExecutionListener@2e822dc, org.springframework.boot.test.mock.mockito.MockitoTestExecutionListener@3ac2a30d, org.springframework.boot.test.mock.mockito.ResetMocksTestExecutionListener@42c91404]
Hibernate: select user0_.wechat_id as wechat_i1_6_0_, user0_.is_authened as is_authe2_6_0_, user0_.is_student as is_stude3_6_0_, user0_.number as number4_6_0_ from user user0_ where user0_.wechat_id=?
Hibernate: insert into user (is_authened, is_student, number, wechat_id) values (?, ?, ?, ?)
Hibernate: select user0_.wechat_id as wechat_i1_6_, user0_.is_authened as is_authe2_6_, user0_.is_student as is_stude3_6_, user0_.number as number4_6_ from user user0_ where user0_.number=?
Hibernate: select user0_.wechat_id as wechat_i1_6_0_, user0_.is_authened as is_authe2_6_0_, user0_.is_student as is_stude3_6_0_, user0_.number as number4_6_0_ from user user0_ where user0_.wechat_id=?
Hibernate: select user0_.wechat_id as wechat_i1_6_0_, user0_.is_authened as is_authe2_6_0_, user0_.is_student as is_stude3_6_0_, user0_.number as number4_6_0_ from user user0_ where user0_.wechat_id=?
Hibernate: select user0_.wechat_id as wechat_i1_6_0_, user0_.is_authened as is_authe2_6_0_, user0_.is_student as is_stude3_6_0_, user0_.number as number4_6_0_ from user user0_ where user0_.wechat_id=?
Hibernate: select user0_.wechat_id as wechat_i1_6_0_, user0_.is_authened as is_authe2_6_0_, user0_.is_student as is_stude3_6_0_, user0_.number as number4_6_0_ from user user0_ where user0_.wechat_id=?
]]></system-out>
  <system-err><![CDATA[]]></system-err>
</testsuite>
