<?xml version="1.0" encoding="UTF-8"?>
<testsuite name="cn.s_c.data.food.FoodDataServiceImplTest" tests="1" skipped="0" failures="0" errors="0" timestamp="2018-03-26T13:10:09" hostname="surevilMacBook.local" time="0.018">
  <properties/>
  <testcase name="getFoodListByRestaurant" classname="cn.s_c.data.food.FoodDataServiceImplTest" time="0.018"/>
  <system-out><![CDATA[2018-03-26 21:10:09.635  INFO 7761 --- [    Test worker] .b.t.c.SpringBootTestContextBootstrapper : Neither @ContextConfiguration nor @ContextHierarchy found for test class [cn.s_c.data.food.FoodDataServiceImplTest], using SpringBootContextLoader
2018-03-26 21:10:09.637  INFO 7761 --- [    Test worker] o.s.t.c.support.AbstractContextLoader    : Could not detect default resource locations for test class [cn.s_c.data.food.FoodDataServiceImplTest]: no resource found for suffixes {-context.xml, Context.groovy}.
2018-03-26 21:10:09.637  INFO 7761 --- [    Test worker] t.c.s.AnnotationConfigContextLoaderUtils : Could not detect default configuration classes for test class [cn.s_c.data.food.FoodDataServiceImplTest]: FoodDataServiceImplTest does not declare any static, non-private, non-final, nested classes annotated with @Configuration.
2018-03-26 21:10:09.657  INFO 7761 --- [    Test worker] .b.t.c.SpringBootTestContextBootstrapper : Found @SpringBootConfiguration cn.s_c.MainApplication for test class cn.s_c.data.food.FoodDataServiceImplTest
2018-03-26 21:10:09.661  INFO 7761 --- [    Test worker] .b.t.c.SpringBootTestContextBootstrapper : Loaded default TestExecutionListener class names from location [META-INF/spring.factories]: [org.springframework.boot.test.autoconfigure.restdocs.RestDocsTestExecutionListener, org.springframework.boot.test.autoconfigure.web.client.MockRestServiceServerResetTestExecutionListener, org.springframework.boot.test.autoconfigure.web.servlet.MockMvcPrintOnlyOnFailureTestExecutionListener, org.springframework.boot.test.autoconfigure.web.servlet.WebDriverTestExecutionListener, org.springframework.boot.test.mock.mockito.MockitoTestExecutionListener, org.springframework.boot.test.mock.mockito.ResetMocksTestExecutionListener, org.springframework.test.context.web.ServletTestExecutionListener, org.springframework.test.context.support.DirtiesContextBeforeModesTestExecutionListener, org.springframework.test.context.support.DependencyInjectionTestExecutionListener, org.springframework.test.context.support.DirtiesContextTestExecutionListener, org.springframework.test.context.transaction.TransactionalTestExecutionListener, org.springframework.test.context.jdbc.SqlScriptsTestExecutionListener]
2018-03-26 21:10:09.666  INFO 7761 --- [    Test worker] .b.t.c.SpringBootTestContextBootstrapper : Using TestExecutionListeners: [org.springframework.test.context.web.ServletTestExecutionListener@5d42c4d5, org.springframework.test.context.support.DirtiesContextBeforeModesTestExecutionListener@7661716d, org.springframework.boot.test.autoconfigure.SpringBootDependencyInjectionTestExecutionListener@691171c7, org.springframework.test.context.support.DirtiesContextTestExecutionListener@5a993697, org.springframework.test.context.transaction.TransactionalTestExecutionListener@1136257d, org.springframework.test.context.jdbc.SqlScriptsTestExecutionListener@6ca1d42f, org.springframework.boot.test.autoconfigure.restdocs.RestDocsTestExecutionListener@e5c0f35, org.springframework.boot.test.autoconfigure.web.client.MockRestServiceServerResetTestExecutionListener@1d62ade7, org.springframework.boot.test.autoconfigure.web.servlet.MockMvcPrintOnlyOnFailureTestExecutionListener@3ddf7efb, org.springframework.boot.test.autoconfigure.web.servlet.WebDriverTestExecutionListener@5fbdc5c3, org.springframework.boot.test.mock.mockito.MockitoTestExecutionListener@31765ca6, org.springframework.boot.test.mock.mockito.ResetMocksTestExecutionListener@3973c2fa]
2018-03-26 21:10:09.685  INFO 7761 --- [    Test worker] o.s.t.c.transaction.TransactionContext   : Began transaction (1) for test context [DefaultTestContext@7fb8dcf3 testClass = FoodDataServiceImplTest, testInstance = cn.s_c.data.food.FoodDataServiceImplTest@49e285da, testMethod = getFoodListByRestaurant@FoodDataServiceImplTest, testException = [null], mergedContextConfiguration = [WebMergedContextConfiguration@7f1d4b89 testClass = FoodDataServiceImplTest, locations = '{}', classes = '{class cn.s_c.MainApplication}', contextInitializerClasses = '[]', activeProfiles = '{}', propertySourceLocations = '{}', propertySourceProperties = '{org.springframework.boot.test.context.SpringBootTestContextBootstrapper=true}', contextCustomizers = set[org.springframework.boot.test.autoconfigure.properties.PropertyMappingContextCustomizer@0, org.springframework.boot.test.autoconfigure.web.servlet.WebDriverContextCustomizerFactory$Customizer@1897c960, org.springframework.boot.test.context.SpringBootTestContextCustomizer@2f60b3a1, org.springframework.boot.test.context.filter.ExcludeFilterContextCustomizer@2dd74fd1, org.springframework.boot.test.mock.mockito.MockitoContextCustomizer@0], resourceBasePath = 'src/main/webapp', contextLoader = 'org.springframework.boot.test.context.SpringBootContextLoader', parent = [null]]]; transaction manager [org.springframework.orm.jpa.JpaTransactionManager@17d0d420]; rollback [true]
Hibernate: select restaurant0_.id as id1_3_0_, restaurant0_.name as name2_3_0_, restaurant0_.time as time3_3_0_ from restaurant restaurant0_ where restaurant0_.id=?
2018-03-26 21:10:09.699  INFO 7761 --- [    Test worker] o.s.t.c.transaction.TransactionContext   : Rolled back transaction for test context [DefaultTestContext@7fb8dcf3 testClass = FoodDataServiceImplTest, testInstance = cn.s_c.data.food.FoodDataServiceImplTest@49e285da, testMethod = getFoodListByRestaurant@FoodDataServiceImplTest, testException = [null], mergedContextConfiguration = [WebMergedContextConfiguration@7f1d4b89 testClass = FoodDataServiceImplTest, locations = '{}', classes = '{class cn.s_c.MainApplication}', contextInitializerClasses = '[]', activeProfiles = '{}', propertySourceLocations = '{}', propertySourceProperties = '{org.springframework.boot.test.context.SpringBootTestContextBootstrapper=true}', contextCustomizers = set[org.springframework.boot.test.autoconfigure.properties.PropertyMappingContextCustomizer@0, org.springframework.boot.test.autoconfigure.web.servlet.WebDriverContextCustomizerFactory$Customizer@1897c960, org.springframework.boot.test.context.SpringBootTestContextCustomizer@2f60b3a1, org.springframework.boot.test.context.filter.ExcludeFilterContextCustomizer@2dd74fd1, org.springframework.boot.test.mock.mockito.MockitoContextCustomizer@0], resourceBasePath = 'src/main/webapp', contextLoader = 'org.springframework.boot.test.context.SpringBootContextLoader', parent = [null]]].
]]></system-out>
  <system-err><![CDATA[]]></system-err>
</testsuite>
